PLINK v1.9.0-b.8 64-bit (22 Oct 2024)
Options in effect:
  --bfile chip_Illumina_GSAs_geno_filtered
  --make-bed
  --mind 0.05
  --out chip_Illumina_GSAs_cleaned

Hostname: fe-open-01
Working directory: /faststorage/project/populationgenomics/students/estherhelga/GWAS_project/chip_Illumina_GSAs
Start time: Wed May  7 14:57:38 2025

Random number seed: 1746622658
515439 MB RAM detected; reserving 257719 MB for main workspace.
507262 variants loaded from .bim file.
248 people (116 males, 132 females) loaded from .fam.
9 people removed due to missing genotype data (--mind).
IDs written to chip_Illumina_GSAs_cleaned.irem .
Using 1 thread (no multithreaded calculations invoked).
Before main variant filters, 239 founders and 0 nonfounders present.
Calculating allele frequencies... done.
Warning: 3280 het. haploid genotypes present (see chip_Illumina_GSAs_cleaned.hh
); many commands treat these as missing.
Warning: Nonmissing nonmale Y chromosome genotype(s) present; many commands
treat these as missing.
Total genotyping rate in remaining samples is 0.997881.
507262 variants and 239 people pass filters and QC.
Note: No phenotypes present.
--make-bed to chip_Illumina_GSAs_cleaned.bed + chip_Illumina_GSAs_cleaned.bim +
chip_Illumina_GSAs_cleaned.fam ... done.

End time: Wed May  7 14:57:38 2025
