PLINK v1.9.0-b.8 64-bit (22 Oct 2024)
Options in effect:
  --bfile chip_HTS_iSelect_HD_geno_filtered
  --make-bed
  --mind 0.05
  --out chip_HTS_iSelect_HD_cleaned

Hostname: fe-open-01
Working directory: /faststorage/project/populationgenomics/students/estherhelga/GWAS_project/chip_HTS_iSelect_HD
Start time: Wed May  7 14:57:46 2025

Random number seed: 1746622666
515439 MB RAM detected; reserving 257719 MB for main workspace.
569460 variants loaded from .bim file.
587 people (287 males, 300 females) loaded from .fam.
3 people removed due to missing genotype data (--mind).
IDs written to chip_HTS_iSelect_HD_cleaned.irem .
Using 1 thread (no multithreaded calculations invoked).
Before main variant filters, 584 founders and 0 nonfounders present.
Calculating allele frequencies... done.
Warning: 34224 het. haploid genotypes present (see
chip_HTS_iSelect_HD_cleaned.hh ); many commands treat these as missing.
Warning: Nonmissing nonmale Y chromosome genotype(s) present; many commands
treat these as missing.
Total genotyping rate in remaining samples is 0.997079.
569460 variants and 584 people pass filters and QC.
Note: No phenotypes present.
--make-bed to chip_HTS_iSelect_HD_cleaned.bed + chip_HTS_iSelect_HD_cleaned.bim
+ chip_HTS_iSelect_HD_cleaned.fam ... done.

End time: Wed May  7 14:57:47 2025
