PLINK v1.9.0-b.8 64-bit (22 Oct 2024)
Options in effect:
  --bfile chip_unknown_pruned
  --het
  --out chip_unknown_qc

Hostname: fe-open-01
Working directory: /faststorage/project/populationgenomics/students/estherhelga/GWAS_project
Start time: Mon May  5 10:36:48 2025

Random number seed: 1746434208
515439 MB RAM detected; reserving 257719 MB for main workspace.
146398 variants loaded from .bim file.
399 people (180 males, 183 females, 36 ambiguous) loaded from .fam.
Ambiguous sex IDs written to chip_unknown_qc.nosex .
Using 1 thread (no multithreaded calculations invoked).
Before main variant filters, 399 founders and 0 nonfounders present.
Calculating allele frequencies... done.
Warning: Nonmissing nonmale Y chromosome genotype(s) present; many commands
treat these as missing.
Total genotyping rate is 0.848544.
146398 variants and 399 people pass filters and QC.
Note: No phenotypes present.
--het: 140806 variants scanned, report written to chip_unknown_qc.het .

End time: Mon May  5 10:36:49 2025
