PLINK v1.9.0-b.8 64-bit (22 Oct 2024)
Options in effect:
  --bfile gwas_data
  --keep chip_group_HTS_iSelect_HD.txt
  --make-bed
  --out chip_HTS_iSelect_HD

Hostname: fe-open-01
Working directory: /faststorage/project/populationgenomics/students/estherhelga/GWAS_project
Start time: Fri May  2 15:59:42 2025

Random number seed: 1746194382
515439 MB RAM detected; reserving 257719 MB for main workspace.
1376653 variants loaded from .bim file.
2009 people (992 males, 916 females, 101 ambiguous) loaded from .fam.
Ambiguous sex IDs written to chip_HTS_iSelect_HD.nosex .
--keep: 587 people remaining.
Using 1 thread (no multithreaded calculations invoked).
Before main variant filters, 587 founders and 0 nonfounders present.
Calculating allele frequencies... done.
Warning: 35339 het. haploid genotypes present (see chip_HTS_iSelect_HD.hh );
many commands treat these as missing.
Warning: Nonmissing nonmale Y chromosome genotype(s) present; many commands
treat these as missing.
Total genotyping rate in remaining samples is 0.427297.
1376653 variants and 587 people pass filters and QC.
Note: No phenotypes present.
--make-bed to chip_HTS_iSelect_HD.bed + chip_HTS_iSelect_HD.bim +
chip_HTS_iSelect_HD.fam ... done.

End time: Fri May  2 16:00:44 2025
