PLINK v1.9.0-b.8 64-bit (22 Oct 2024)
Options in effect:
  --bfile chip_unknown_pruned_clean
  --mind 0.05
  --out chip_unknown_pca
  --pca 10

Hostname: fe-open-01
Working directory: /faststorage/project/populationgenomics/students/estherhelga/GWAS_project
Start time: Tue May  6 18:38:53 2025

Random number seed: 1746549533
515439 MB RAM detected; reserving 257719 MB for main workspace.
146398 variants loaded from .bim file.
322 people (153 males, 146 females, 23 ambiguous) loaded from .fam.
Ambiguous sex IDs written to chip_unknown_pca.nosex .
38 people removed due to missing genotype data (--mind).
IDs written to chip_unknown_pca.irem .
Using up to 63 threads (change this with --threads).
Before main variant filters, 284 founders and 0 nonfounders present.
Calculating allele frequencies... done.
Warning: Nonmissing nonmale Y chromosome genotype(s) present; many commands
treat these as missing.
Total genotyping rate in remaining samples is 0.995864.
146398 variants and 284 people pass filters and QC.
Note: No phenotypes present.
Excluding 5538 variants on non-autosomes from relationship matrix calc.
Relationship matrix calculation complete.
--pca: Results saved to chip_unknown_pca.eigenval and chip_unknown_pca.eigenvec
.

End time: Tue May  6 18:38:55 2025
