PLINK v1.9.0-b.8 64-bit (22 Oct 2024)
Options in effect:
  --bfile chip_HTS_iSelect_HD_pruned
  --het
  --out chip_HTS_iSelect_HD_qc

Hostname: fe-open-01
Working directory: /faststorage/project/populationgenomics/students/estherhelga/GWAS_project
Start time: Mon May  5 10:45:13 2025

Random number seed: 1746434713
515439 MB RAM detected; reserving 257719 MB for main workspace.
569460 variants loaded from .bim file.
587 people (287 males, 300 females) loaded from .fam.
Using 1 thread (no multithreaded calculations invoked).
Before main variant filters, 587 founders and 0 nonfounders present.
Calculating allele frequencies... done.
Warning: 34224 het. haploid genotypes present (see chip_HTS_iSelect_HD_qc.hh );
many commands treat these as missing.
Warning: Nonmissing nonmale Y chromosome genotype(s) present; many commands
treat these as missing.
Total genotyping rate is 0.99198.
569460 variants and 587 people pass filters and QC.
Note: No phenotypes present.
--het: 512218 variants scanned, report written to chip_HTS_iSelect_HD_qc.het .

End time: Mon May  5 10:45:17 2025
