PLINK v1.9.0-b.8 64-bit (22 Oct 2024)
Options in effect:
  --bfile chip_unknown
  --geno 0.2
  --out chip_unknown_snps_filtered
  --write-snplist

Hostname: fe-open-01
Working directory: /faststorage/project/populationgenomics/students/estherhelga/GWAS_project
Start time: Fri May  2 17:00:04 2025

Random number seed: 1746198004
515439 MB RAM detected; reserving 257719 MB for main workspace.
1376653 variants loaded from .bim file.
399 people (180 males, 183 females, 36 ambiguous) loaded from .fam.
Ambiguous sex IDs written to chip_unknown_snps_filtered.nosex .
Using 1 thread (no multithreaded calculations invoked).
Before main variant filters, 399 founders and 0 nonfounders present.
Calculating allele frequencies... done.
Warning: 8881 het. haploid genotypes present (see chip_unknown_snps_filtered.hh
); many commands treat these as missing.
Warning: Nonmissing nonmale Y chromosome genotype(s) present; many commands
treat these as missing.
Total genotyping rate is 0.363947.
1230255 variants removed due to missing genotype data (--geno).
146398 variants and 399 people pass filters and QC.
Note: No phenotypes present.
List of variant IDs written to chip_unknown_snps_filtered.snplist .

End time: Fri May  2 17:00:10 2025
