PLINK v1.9.0-b.8 64-bit (22 Oct 2024)
Options in effect:
  --bfile chip_Illumina_GSAs_pruned
  --make-bed
  --out chip_Illumina_GSAs_pruned_clean
  --remove chip_Illumina_GSAs_outliers.txt

Hostname: fe-open-01
Working directory: /faststorage/project/populationgenomics/students/estherhelga/GWAS_project
Start time: Tue May  6 16:29:46 2025

Random number seed: 1746541786
515439 MB RAM detected; reserving 257719 MB for main workspace.
507262 variants loaded from .bim file.
248 people (116 males, 132 females) loaded from .fam.
--remove: 241 people remaining.
Using 1 thread (no multithreaded calculations invoked).
Before main variant filters, 241 founders and 0 nonfounders present.
Calculating allele frequencies... done.
Warning: 3280 het. haploid genotypes present (see
chip_Illumina_GSAs_pruned_clean.hh ); many commands treat these as missing.
Warning: Nonmissing nonmale Y chromosome genotype(s) present; many commands
treat these as missing.
Total genotyping rate in remaining samples is 0.989583.
507262 variants and 241 people pass filters and QC.
Note: No phenotypes present.
--make-bed to chip_Illumina_GSAs_pruned_clean.bed +
chip_Illumina_GSAs_pruned_clean.bim + chip_Illumina_GSAs_pruned_clean.fam ...
done.

End time: Tue May  6 16:29:48 2025
