PLINK v1.9.0-b.8 64-bit (22 Oct 2024)
Options in effect:
  --bfile chip_OmniExpress_pruned
  --make-bed
  --out chip_OmniExpress_pruned_clean
  --remove chip_OmniExpress_outliers.txt

Hostname: fe-open-01
Working directory: /faststorage/project/populationgenomics/students/estherhelga/GWAS_project
Start time: Tue May  6 16:29:27 2025

Random number seed: 1746541767
515439 MB RAM detected; reserving 257719 MB for main workspace.
612572 variants loaded from .bim file.
291 people (105 males, 121 females, 65 ambiguous) loaded from .fam.
Ambiguous sex IDs written to chip_OmniExpress_pruned_clean.nosex .
--remove: 282 people remaining.
Using 1 thread (no multithreaded calculations invoked).
Before main variant filters, 282 founders and 0 nonfounders present.
Calculating allele frequencies... done.
Total genotyping rate in remaining samples is 0.980188.
612572 variants and 282 people pass filters and QC.
Note: No phenotypes present.
--make-bed to chip_OmniExpress_pruned_clean.bed +
chip_OmniExpress_pruned_clean.bim + chip_OmniExpress_pruned_clean.fam ... done.

End time: Tue May  6 16:29:29 2025
