PLINK v1.9.0-b.8 64-bit (22 Oct 2024)
Options in effect:
  --bfile chip_OmniExpress_pruned
  --missing
  --out chip_OmniExpress_pruned_missing

Hostname: fe-open-01
Working directory: /faststorage/project/populationgenomics/students/estherhelga/GWAS_project
Start time: Fri May  2 16:52:07 2025

Random number seed: 1746197527
515439 MB RAM detected; reserving 257719 MB for main workspace.
612572 variants loaded from .bim file.
291 people (105 males, 121 females, 65 ambiguous) loaded from .fam.
Ambiguous sex IDs written to chip_OmniExpress_pruned_missing.nosex .
Using 1 thread (no multithreaded calculations invoked).
Before main variant filters, 291 founders and 0 nonfounders present.
Calculating allele frequencies... done.
Total genotyping rate is 0.968576.
--missing: Sample missing data report written to
chip_OmniExpress_pruned_missing.imiss, and variant-based missing data report
written to chip_OmniExpress_pruned_missing.lmiss.

End time: Fri May  2 16:52:13 2025
