PLINK v1.9.0-b.8 64-bit (22 Oct 2024)
Options in effect:
  --bfile chip_Illumina_GSAs
  --geno 0.05
  --out chip_Illumina_GSAs_snps_filtered
  --write-snplist

Hostname: fe-open-01
Working directory: /faststorage/project/populationgenomics/students/estherhelga/GWAS_project
Start time: Fri May  2 16:49:01 2025

Random number seed: 1746197341
515439 MB RAM detected; reserving 257719 MB for main workspace.
1376653 variants loaded from .bim file.
248 people (116 males, 132 females) loaded from .fam.
Using 1 thread (no multithreaded calculations invoked).
Before main variant filters, 248 founders and 0 nonfounders present.
Calculating allele frequencies... done.
Warning: 3592 het. haploid genotypes present (see
chip_Illumina_GSAs_snps_filtered.hh ); many commands treat these as missing.
Warning: Nonmissing nonmale Y chromosome genotype(s) present; many commands
treat these as missing.
Total genotyping rate is 0.372204.
869391 variants removed due to missing genotype data (--geno).
507262 variants and 248 people pass filters and QC.
Note: No phenotypes present.
List of variant IDs written to chip_Illumina_GSAs_snps_filtered.snplist .

End time: Fri May  2 16:49:07 2025
