PLINK v1.9.0-b.8 64-bit (22 Oct 2024)
Options in effect:
  --bfile chip_OmniExpress_plus_pruned_clean
  --mind 0.05
  --out chip_OmniExpress_plus_pca
  --pca 10

Hostname: fe-open-01
Working directory: /faststorage/project/populationgenomics/students/estherhelga/GWAS_project
Start time: Tue May  6 18:38:37 2025

Random number seed: 1746549517
515439 MB RAM detected; reserving 257719 MB for main workspace.
910557 variants loaded from .bim file.
477 people (298 males, 179 females) loaded from .fam.
3 people removed due to missing genotype data (--mind).
IDs written to chip_OmniExpress_plus_pca.irem .
Using up to 63 threads (change this with --threads).
Before main variant filters, 474 founders and 0 nonfounders present.
Calculating allele frequencies... done.
Warning: 47930 het. haploid genotypes present (see chip_OmniExpress_plus_pca.hh
); many commands treat these as missing.
Warning: Nonmissing nonmale Y chromosome genotype(s) present; many commands
treat these as missing.
Total genotyping rate in remaining samples is 0.997554.
910557 variants and 474 people pass filters and QC.
Note: No phenotypes present.
Excluding 26082 variants on non-autosomes from relationship matrix calc.
Relationship matrix calculation complete.
--pca: Results saved to chip_OmniExpress_plus_pca.eigenval and
chip_OmniExpress_plus_pca.eigenvec .

End time: Tue May  6 18:38:48 2025
