PLINK v1.9.0-b.8 64-bit (22 Oct 2024)
Options in effect:
  --bfile chip_unknown_pruned
  --missing
  --out chip_unknown_pruned_missing

Hostname: fe-open-01
Working directory: /faststorage/project/populationgenomics/students/estherhelga/GWAS_project
Start time: Fri May  2 17:00:56 2025

Random number seed: 1746198056
515439 MB RAM detected; reserving 257719 MB for main workspace.
146398 variants loaded from .bim file.
399 people (180 males, 183 females, 36 ambiguous) loaded from .fam.
Ambiguous sex IDs written to chip_unknown_pruned_missing.nosex .
Using 1 thread (no multithreaded calculations invoked).
Before main variant filters, 399 founders and 0 nonfounders present.
Calculating allele frequencies... done.
Warning: Nonmissing nonmale Y chromosome genotype(s) present; many commands
treat these as missing.
Total genotyping rate is 0.848544.
--missing: Sample missing data report written to
chip_unknown_pruned_missing.imiss, and variant-based missing data report
written to chip_unknown_pruned_missing.lmiss.

End time: Fri May  2 17:00:57 2025
