PLINK v1.9.0-b.8 64-bit (22 Oct 2024)
Options in effect:
  --bfile chip_OmniExpress_plus_pruned
  --het
  --out chip_OmniExpress_plus_qc

Hostname: fe-open-01
Working directory: /faststorage/project/populationgenomics/students/estherhelga/GWAS_project
Start time: Mon May  5 10:34:41 2025

Random number seed: 1746434081
515439 MB RAM detected; reserving 257719 MB for main workspace.
910557 variants loaded from .bim file.
484 people (304 males, 180 females) loaded from .fam.
Using 1 thread (no multithreaded calculations invoked).
Before main variant filters, 484 founders and 0 nonfounders present.
Calculating allele frequencies... done.
Warning: 48054 het. haploid genotypes present (see chip_OmniExpress_plus_qc.hh
); many commands treat these as missing.
Warning: Nonmissing nonmale Y chromosome genotype(s) present; many commands
treat these as missing.
Total genotyping rate is 0.984481.
910557 variants and 484 people pass filters and QC.
Note: No phenotypes present.
--het: 851470 variants scanned, report written to chip_OmniExpress_plus_qc.het
.

End time: Mon May  5 10:34:49 2025
