PLINK v1.9.0-b.8 64-bit (22 Oct 2024)
Options in effect:
  --bfile chip_HTS_iSelect_HD_pruned
  --make-bed
  --out chip_HTS_iSelect_HD_pruned_clean
  --remove chip_HTS_iSelect_HD_outliers.txt

Hostname: fe-open-01
Working directory: /faststorage/project/populationgenomics/students/estherhelga/GWAS_project
Start time: Tue May  6 16:29:18 2025

Random number seed: 1746541758
515439 MB RAM detected; reserving 257719 MB for main workspace.
569460 variants loaded from .bim file.
587 people (287 males, 300 females) loaded from .fam.
--remove: 568 people remaining.
Using 1 thread (no multithreaded calculations invoked).
Before main variant filters, 568 founders and 0 nonfounders present.
Calculating allele frequencies... done.
Warning: 33168 het. haploid genotypes present (see
chip_HTS_iSelect_HD_pruned_clean.hh ); many commands treat these as missing.
Warning: Nonmissing nonmale Y chromosome genotype(s) present; many commands
treat these as missing.
Total genotyping rate in remaining samples is 0.991841.
569460 variants and 568 people pass filters and QC.
Note: No phenotypes present.
--make-bed to chip_HTS_iSelect_HD_pruned_clean.bed +
chip_HTS_iSelect_HD_pruned_clean.bim + chip_HTS_iSelect_HD_pruned_clean.fam ...
done.

End time: Tue May  6 16:29:19 2025
