PLINK v1.9.0-b.8 64-bit (22 Oct 2024)
Options in effect:
  --bfile chip_OmniExpress_plus_pruned
  --missing
  --out chip_OmniExpress_plus_pruned_missing

Hostname: fe-open-01
Working directory: /faststorage/project/populationgenomics/students/estherhelga/GWAS_project
Start time: Fri May  2 16:54:18 2025

Random number seed: 1746197658
515439 MB RAM detected; reserving 257719 MB for main workspace.
910557 variants loaded from .bim file.
484 people (304 males, 180 females) loaded from .fam.
Using 1 thread (no multithreaded calculations invoked).
Before main variant filters, 484 founders and 0 nonfounders present.
Calculating allele frequencies... done.
Warning: 48054 het. haploid genotypes present (see
chip_OmniExpress_plus_pruned_missing.hh ); many commands treat these as
missing.
Warning: Nonmissing nonmale Y chromosome genotype(s) present; many commands
treat these as missing.
Total genotyping rate is 0.984481.
--missing: Sample missing data report written to
chip_OmniExpress_plus_pruned_missing.imiss, and variant-based missing data
report written to chip_OmniExpress_plus_pruned_missing.lmiss.

End time: Fri May  2 16:54:25 2025
