PLINK v1.9.0-b.8 64-bit (22 Oct 2024)
Options in effect:
  --bfile chip_OmniExpress_plus_pruned
  --make-bed
  --out chip_OmniExpress_plus_pruned_clean
  --remove chip_OmniExpress_plus_outliers.txt

Hostname: fe-open-01
Working directory: /faststorage/project/populationgenomics/students/estherhelga/GWAS_project
Start time: Tue May  6 16:29:38 2025

Random number seed: 1746541778
515439 MB RAM detected; reserving 257719 MB for main workspace.
910557 variants loaded from .bim file.
484 people (304 males, 180 females) loaded from .fam.
--remove: 477 people remaining.
Using 1 thread (no multithreaded calculations invoked).
Before main variant filters, 477 founders and 0 nonfounders present.
Calculating allele frequencies... done.
Warning: 47930 het. haploid genotypes present (see
chip_OmniExpress_plus_pruned_clean.hh ); many commands treat these as missing.
Warning: Nonmissing nonmale Y chromosome genotype(s) present; many commands
treat these as missing.
Total genotyping rate in remaining samples is 0.991285.
910557 variants and 477 people pass filters and QC.
Note: No phenotypes present.
--make-bed to chip_OmniExpress_plus_pruned_clean.bed +
chip_OmniExpress_plus_pruned_clean.bim + chip_OmniExpress_plus_pruned_clean.fam
... done.

End time: Tue May  6 16:29:41 2025
