PLINK v1.9.0-b.8 64-bit (22 Oct 2024)
Options in effect:
  --bfile chip_OmniExpress
  --extract chip_OmniExpress_snps_filtered.snplist
  --make-bed
  --out chip_OmniExpress_pruned

Hostname: fe-open-01
Working directory: /faststorage/project/populationgenomics/students/estherhelga/GWAS_project
Start time: Fri May  2 16:51:26 2025

Random number seed: 1746197486
515439 MB RAM detected; reserving 257719 MB for main workspace.
1376653 variants loaded from .bim file.
291 people (105 males, 121 females, 65 ambiguous) loaded from .fam.
Ambiguous sex IDs written to chip_OmniExpress_pruned.nosex .
--extract: 612572 variants remaining.
Using 1 thread (no multithreaded calculations invoked).
Before main variant filters, 291 founders and 0 nonfounders present.
Calculating allele frequencies... done.
Total genotyping rate is 0.968576.
612572 variants and 291 people pass filters and QC.
Note: No phenotypes present.
--make-bed to chip_OmniExpress_pruned.bed + chip_OmniExpress_pruned.bim +
chip_OmniExpress_pruned.fam ... done.

End time: Fri May  2 16:51:39 2025
