PLINK v1.9.0-b.8 64-bit (22 Oct 2024)
Options in effect:
  --bfile merged_data_final_pruned_for_pca
  --out final_pca_results
  --pca 10

Hostname: fe-open-01
Working directory: /faststorage/project/populationgenomics/students/estherhelga/GWAS_project
Start time: Thu May  8 19:13:36 2025

Random number seed: 1746724416
515439 MB RAM detected; reserving 257719 MB for main workspace.
42989 variants loaded from .bim file.
1680 people (843 males, 779 females, 58 ambiguous) loaded from .fam.
Ambiguous sex IDs written to final_pca_results.nosex .
Using up to 63 threads (change this with --threads).
Before main variant filters, 1680 founders and 0 nonfounders present.
Calculating allele frequencies... done.
Total genotyping rate is 0.997747.
42989 variants and 1680 people pass filters and QC.
Note: No phenotypes present.
Relationship matrix calculation complete.
--pca: Results saved to final_pca_results.eigenval and
final_pca_results.eigenvec .

End time: Thu May  8 19:13:39 2025
