PLINK v1.9.0-b.8 64-bit (22 Oct 2024)
Options in effect:
  --bfile merged_data_step0_hhCleaned
  --geno 0.05
  --make-bed
  --out merged_data_step1_geno

Hostname: fe-open-01
Working directory: /faststorage/project/populationgenomics/students/estherhelga/GWAS_project
Start time: Wed May  7 16:05:06 2025

Random number seed: 1746626706
515439 MB RAM detected; reserving 257719 MB for main workspace.
1325823 variants loaded from .bim file.
1880 people (939 males, 864 females, 77 ambiguous) loaded from .fam.
Ambiguous sex IDs written to merged_data_step1_geno.nosex .
Using 1 thread (no multithreaded calculations invoked).
Before main variant filters, 1880 founders and 0 nonfounders present.
Calculating allele frequencies... done.
Total genotyping rate is 0.440614.
1263171 variants removed due to missing genotype data (--geno).
62652 variants and 1880 people pass filters and QC.
Note: No phenotypes present.
--make-bed to merged_data_step1_geno.bed + merged_data_step1_geno.bim +
merged_data_step1_geno.fam ... done.

End time: Wed May  7 16:05:07 2025
