PLINK v1.9.0-b.8 64-bit (22 Oct 2024)
Options in effect:
  --bfile merged_data_core_cohort
  --make-bed
  --out merged_data_core_cohort_sexcleaned
  --remove core_cohort_individuals_to_remove_sex_issues.txt

Hostname: fe-open-01
Working directory: /faststorage/project/populationgenomics/students/estherhelga/GWAS_project
Start time: Thu May  8 19:07:55 2025

Random number seed: 1746724075
515439 MB RAM detected; reserving 257719 MB for main workspace.
1325823 variants loaded from .bim file.
1696 people (843 males, 785 females, 68 ambiguous) loaded from .fam.
Ambiguous sex IDs written to merged_data_core_cohort_sexcleaned.nosex .
--remove: 1680 people remaining.
Using 1 thread (no multithreaded calculations invoked).
Before main variant filters, 1680 founders and 0 nonfounders present.
Calculating allele frequencies... done.
Total genotyping rate in remaining samples is 0.442038.
1325823 variants and 1680 people pass filters and QC.
Note: No phenotypes present.
--make-bed to merged_data_core_cohort_sexcleaned.bed +
merged_data_core_cohort_sexcleaned.bim + merged_data_core_cohort_sexcleaned.fam
... done.

End time: Thu May  8 19:07:58 2025
