PLINK v1.9.0-b.8 64-bit (22 Oct 2024)
Options in effect:
  --bfile merged_data_step0_hhCleaned
  --make-bed
  --out merged_data_after_sex_removal
  --remove individuals_to_remove_sex_issues.txt

Hostname: fe-open-01
Working directory: /faststorage/project/populationgenomics/students/estherhelga/GWAS_project
Start time: Wed May  7 18:49:26 2025

Random number seed: 1746636566
515439 MB RAM detected; reserving 257719 MB for main workspace.
1325823 variants loaded from .bim file.
1880 people (939 males, 864 females, 77 ambiguous) loaded from .fam.
Ambiguous sex IDs written to merged_data_after_sex_removal.nosex .
--remove: 1864 people remaining.
Using 1 thread (no multithreaded calculations invoked).
Before main variant filters, 1864 founders and 0 nonfounders present.
Calculating allele frequencies... done.
Total genotyping rate in remaining samples is 0.442355.
1325823 variants and 1864 people pass filters and QC.
Note: No phenotypes present.
--make-bed to merged_data_after_sex_removal.bed +
merged_data_after_sex_removal.bim + merged_data_after_sex_removal.fam ... done.

End time: Wed May  7 18:49:31 2025
