PLINK v1.9.0-b.8 64-bit (22 Oct 2024)
Options in effect:
  --bfile merged_data_step2_pruned
  --out pca_results_initial
  --pca 10

Hostname: fe-open-01
Working directory: /faststorage/project/populationgenomics/students/estherhelga/GWAS_project
Start time: Thu May  8 16:12:25 2025

Random number seed: 1746713545
515439 MB RAM detected; reserving 257719 MB for main workspace.
43004 variants loaded from .bim file.
1864 people (939 males, 858 females, 67 ambiguous) loaded from .fam.
Ambiguous sex IDs written to pca_results_initial.nosex .
Using up to 63 threads (change this with --threads).
Before main variant filters, 1864 founders and 0 nonfounders present.
Calculating allele frequencies... done.
Total genotyping rate is 0.997778.
43004 variants and 1864 people pass filters and QC.
Note: No phenotypes present.
Relationship matrix calculation complete.
--pca: Results saved to pca_results_initial.eigenval and
pca_results_initial.eigenvec .

End time: Thu May  8 16:12:32 2025
