PLINK v1.9.0-b.8 64-bit (22 Oct 2024)
Options in effect:
  --bfile merged_data_step0_hhCleaned
  --missing
  --out snp_missing_stats

Hostname: fe-open-01
Working directory: /faststorage/project/populationgenomics/students/estherhelga/GWAS_project
Start time: Wed May  7 16:25:41 2025

Random number seed: 1746627941
515439 MB RAM detected; reserving 257719 MB for main workspace.
1325823 variants loaded from .bim file.
1880 people (939 males, 864 females, 77 ambiguous) loaded from .fam.
Ambiguous sex IDs written to snp_missing_stats.nosex .
Using 1 thread (no multithreaded calculations invoked).
Before main variant filters, 1880 founders and 0 nonfounders present.
Calculating allele frequencies... done.
Total genotyping rate is 0.440614.
--missing: Sample missing data report written to snp_missing_stats.imiss, and
variant-based missing data report written to snp_missing_stats.lmiss.

End time: Wed May  7 16:25:56 2025
