PLINK v1.9.0-b.8 64-bit (22 Oct 2024)
Options in effect:
  --bfile chip_OmniExpress_geno_filtered
  --make-bed
  --mind 0.05
  --out chip_OmniExpress_cleaned

Hostname: fe-open-01
Working directory: /faststorage/project/populationgenomics/students/estherhelga/GWAS_project/chip_OmniExpress
Start time: Wed May  7 14:57:41 2025

Random number seed: 1746622661
515439 MB RAM detected; reserving 257719 MB for main workspace.
612572 variants loaded from .bim file.
291 people (105 males, 121 females, 65 ambiguous) loaded from .fam.
Ambiguous sex IDs written to chip_OmniExpress_cleaned.nosex .
11 people removed due to missing genotype data (--mind).
IDs written to chip_OmniExpress_cleaned.irem .
Using 1 thread (no multithreaded calculations invoked).
Before main variant filters, 280 founders and 0 nonfounders present.
Calculating allele frequencies... done.
Total genotyping rate in remaining samples is 0.997887.
612572 variants and 280 people pass filters and QC.
Note: No phenotypes present.
--make-bed to chip_OmniExpress_cleaned.bed + chip_OmniExpress_cleaned.bim +
chip_OmniExpress_cleaned.fam ... done.

End time: Wed May  7 14:57:41 2025
