PLINK v1.9.0-b.8 64-bit (22 Oct 2024)
Options in effect:
  --bfile gwas_data
  --keep chip_group_OmniExpress.txt
  --make-bed
  --out chip_OmniExpress

Hostname: fe-open-01
Working directory: /faststorage/project/populationgenomics/students/estherhelga/GWAS_project
Start time: Fri May  2 16:04:44 2025

Random number seed: 1746194684
515439 MB RAM detected; reserving 257719 MB for main workspace.
1376653 variants loaded from .bim file.
2009 people (992 males, 916 females, 101 ambiguous) loaded from .fam.
Ambiguous sex IDs written to chip_OmniExpress.nosex .
--keep: 291 people remaining.
Using 1 thread (no multithreaded calculations invoked).
Before main variant filters, 291 founders and 0 nonfounders present.
Calculating allele frequencies... done.
Warning: 6366 het. haploid genotypes present (see chip_OmniExpress.hh ); many
commands treat these as missing.
Warning: Nonmissing nonmale Y chromosome genotype(s) present; many commands
treat these as missing.
Total genotyping rate in remaining samples is 0.497533.
1376653 variants and 291 people pass filters and QC.
Note: No phenotypes present.
--make-bed to chip_OmniExpress.bed + chip_OmniExpress.bim +
chip_OmniExpress.fam ... done.

End time: Fri May  2 16:05:47 2025
