PLINK v1.9.0-b.8 64-bit (22 Oct 2024)
Options in effect:
  --bfile chip_OmniExpress_plus_geno_filtered
  --make-bed
  --mind 0.05
  --out chip_OmniExpress_plus_cleaned

Hostname: fe-open-01
Working directory: /faststorage/project/populationgenomics/students/estherhelga/GWAS_project/chip_OmniExpress_plus
Start time: Wed May  7 14:57:51 2025

Random number seed: 1746622671
515439 MB RAM detected; reserving 257719 MB for main workspace.
910557 variants loaded from .bim file.
484 people (304 males, 180 females) loaded from .fam.
10 people removed due to missing genotype data (--mind).
IDs written to chip_OmniExpress_plus_cleaned.irem .
Using 1 thread (no multithreaded calculations invoked).
Before main variant filters, 474 founders and 0 nonfounders present.
Calculating allele frequencies... done.
Warning: 47930 het. haploid genotypes present (see
chip_OmniExpress_plus_cleaned.hh ); many commands treat these as missing.
Warning: Nonmissing nonmale Y chromosome genotype(s) present; many commands
treat these as missing.
Total genotyping rate in remaining samples is 0.997554.
910557 variants and 474 people pass filters and QC.
Note: No phenotypes present.
--make-bed to chip_OmniExpress_plus_cleaned.bed +
chip_OmniExpress_plus_cleaned.bim + chip_OmniExpress_plus_cleaned.fam ... done.

End time: Wed May  7 14:57:54 2025
